<?xml version="1.0" encoding="UTF-8"?>
<!-- Generated by org.testng.reporters.JUnitReportReporter -->
<testsuite hostname="Rodneys-MBP" failures="0" tests="1" name="test.TestNG_Demo2" time="6.131" errors="0" timestamp="2020-04-04T18:49:21 CDT" skipped="0">
  <testcase classname="test.TestNG_Demo2" name="googleSearch3" time="6.131"/>
  <system-out/>
</testsuite> <!-- test.TestNG_Demo2 -->
