<?xml version="1.0" encoding="UTF-8"?>
<!-- Generated by org.testng.reporters.JUnitReportReporter -->
<testsuite hostname="Rodneys-MBP" failures="0" tests="1" name="test.TestNG_Demo" time="5.419" errors="0" timestamp="2020-04-08T20:21:46 CDT" skipped="0">
  <testcase classname="test.TestNG_Demo" name="googleSearch" time="5.419"/>
  <system-out/>
</testsuite> <!-- test.TestNG_Demo -->
