<?xml version="1.0" encoding="UTF-8"?>
<!-- Generated by org.testng.reporters.JUnitReportReporter -->
<testsuite hostname="Rodneys-MBP" failures="0" tests="2" name="demo.TestNGIgnoreDemo" time="0.011" errors="0" timestamp="2020-04-25T14:44:26 CDT" skipped="1">
  <testcase classname="demo.TestNGIgnoreDemo" name="test2" time="0.011"/>
  <system-out/>
  <testcase classname="demo.TestNGIgnoreDemo" name="test1">
    <skipped/>
  </testcase> <!-- test1 -->
  <system-out/>
</testsuite> <!-- demo.TestNGIgnoreDemo -->
