<?xml version="1.0" encoding="UTF-8"?>
<!-- Generated by org.testng.reporters.JUnitReportReporter -->
<testsuite hostname="Rodneys-MBP" failures="0" tests="1" name="demo.Test1" time="11.227" errors="0" timestamp="2020-04-25T17:04:00 CDT" skipped="0">
  <testcase classname="demo.Test1" name="test1" time="11.227"/>
  <system-out/>
</testsuite> <!-- demo.Test1 -->
