<?xml version="1.0" encoding="UTF-8"?>
<!-- Generated by org.testng.reporters.JUnitReportReporter -->
<testsuite hostname="Rodneys-MBP" failures="0" tests="2" name="test.ExtentReportsDemoWithTestNG" time="2.366" errors="0" timestamp="2020-04-05T14:57:01 CDT" skipped="0">
  <testcase classname="test.ExtentReportsDemoWithTestNG" name="test1" time="2.359"/>
  <system-out/>
  <testcase classname="test.ExtentReportsDemoWithTestNG" name="test2" time="0.007"/>
  <system-out/>
</testsuite> <!-- test.ExtentReportsDemoWithTestNG -->
