<?xml version="1.0" encoding="UTF-8"?>
<!-- Generated by org.testng.reporters.JUnitReportReporter -->
<testsuite hostname="Rodneys-MBP" failures="0" tests="4" name="demo.TestNGGroupsDemo" time="0.014" errors="0" timestamp="2020-04-22T20:45:11 CDT" skipped="0">
  <testcase classname="demo.TestNGGroupsDemo" name="test1" time="0.008"/>
  <system-out/>
  <testcase classname="demo.TestNGGroupsDemo" name="test3" time="0.002"/>
  <system-out/>
  <testcase classname="demo.TestNGGroupsDemo" name="test2" time="0.003"/>
  <system-out/>
  <testcase classname="demo.TestNGGroupsDemo" name="test4" time="0.001"/>
  <system-out/>
</testsuite> <!-- demo.TestNGGroupsDemo -->
