<?xml version="1.0" encoding="UTF-8"?>
<!-- Generated by org.testng.reporters.JUnitReportReporter -->
<testsuite hostname="Rodneys-MBP" failures="0" tests="1" name="demo.TestNGParametersDemo" time="0.019" errors="0" timestamp="2020-04-22T20:20:22 CDT" skipped="0">
  <testcase classname="demo.TestNGParametersDemo" name="test" time="0.019"/>
  <system-out/>
</testsuite> <!-- demo.TestNGParametersDemo -->
