<?xml version="1.0" encoding="UTF-8"?>
<!-- Generated by org.testng.reporters.JUnitReportReporter -->
<testsuite hostname="Rodneys-MBP" failures="0" tests="3" name="demo.TestNGDependencyDemo" time="0.015" errors="0" timestamp="2020-04-22T20:49:28 CDT" skipped="0">
  <testcase classname="demo.TestNGDependencyDemo" name="Test3" time="0.001"/>
  <system-out/>
  <testcase classname="demo.TestNGDependencyDemo" name="Test2" time="0.011"/>
  <system-out/>
  <testcase classname="demo.TestNGDependencyDemo" name="Test1" time="0.003"/>
  <system-out/>
</testsuite> <!-- demo.TestNGDependencyDemo -->
