<?xml version="1.0" encoding="UTF-8"?>
<!-- Generated by org.testng.reporters.JUnitReportReporter -->
<testsuite hostname="Rodneys-MBP" failures="0" tests="3" name="listeners.TestNGListenerDemo2" time="0.006" errors="0" timestamp="2020-04-15T21:34:51 CDT" skipped="1">
  <testcase classname="listeners.TestNGListenerDemo2" name="test5" time="0.003"/>
  <system-out/>
  <testcase classname="listeners.TestNGListenerDemo2" name="test4" time="0.001"/>
  <system-out/>
  <testcase classname="listeners.TestNGListenerDemo2" name="test6" time="0.002">
    <skipped/>
  </testcase> <!-- test6 -->
  <system-out/>
</testsuite> <!-- listeners.TestNGListenerDemo2 -->
