<?xml version="1.0" encoding="UTF-8"?>
<!-- Generated by org.testng.reporters.JUnitReportReporter -->
<testsuite hostname="Rodneys-MBP" failures="0" tests="2" name="demo.TestNGMultiBrowserDemo" time="14.333" errors="0" timestamp="2020-04-18T20:04:54 CDT" skipped="0">
  <testcase classname="demo.TestNGMultiBrowserDemo" name="test1" time="6.476"/>
  <system-out/>
  <testcase classname="demo.TestNGMultiBrowserDemo" name="test1" time="7.857"/>
  <system-out/>
</testsuite> <!-- demo.TestNGMultiBrowserDemo -->
